Start testing: Apr 18 15:56 PDT
----------------------------------------------------------
1/2 Testing: test_myinterleaver
1/2 Test: test_myinterleaver
Command: "/bin/sh" "/home/c/Documents/EE504/EE504/interleaver_dir/gr-myinterleaver/build/lib/test_myinterleaver_test.sh"
Directory: /home/c/Documents/EE504/EE504/interleaver_dir/gr-myinterleaver/build/lib
"test_myinterleaver" start time: Apr 18 15:56 PDT
Output:
----------------------------------------------------------
.

<end of output>
Test time =   0.01 sec
----------------------------------------------------------
Test Passed.
"test_myinterleaver" end time: Apr 18 15:56 PDT
"test_myinterleaver" time elapsed: 00:00:00
----------------------------------------------------------

2/2 Testing: qa_interleaver
2/2 Test: qa_interleaver
Command: "/bin/sh" "/home/c/Documents/EE504/EE504/interleaver_dir/gr-myinterleaver/build/python/qa_interleaver_test.sh"
Directory: /home/c/Documents/EE504/EE504/interleaver_dir/gr-myinterleaver/build/python
"qa_interleaver" start time: Apr 18 15:56 PDT
Output:
----------------------------------------------------------
F
======================================================================
FAIL: test_001_t (__main__.qa_interleaver)
----------------------------------------------------------------------
Traceback (most recent call last):
  File "/home/c/Documents/EE504/EE504/interleaver_dir/gr-myinterleaver/python/qa_interleaver.py", line 48, in test_001_t
    self.assertFloatTuplesAlmostEqual(expected_result, result_data, 6)
  File "/usr/lib/python2.7/dist-packages/gnuradio/gr_unittest.py", line 88, in assertFloatTuplesAlmostEqual
    self.assertEqual (len(a), len(b))
AssertionError: 14 != 7

----------------------------------------------------------------------
Ran 1 test in 0.003s

FAILED (failures=1)
(1.0, 8.0, 2.0, 9.0, 5.0, 12.0, 7.0)
(1.0, 8.0, 2.0, 9.0, 5.0, 12.0, 7.0)
<end of output>
Test time =   1.74 sec
----------------------------------------------------------
Test Failed.
"qa_interleaver" end time: Apr 18 15:56 PDT
"qa_interleaver" time elapsed: 00:00:01
----------------------------------------------------------

End testing: Apr 18 15:56 PDT
