Start testing: Apr 19 11:40 PDT
----------------------------------------------------------
1/2 Testing: test_myinterleaver
1/2 Test: test_myinterleaver
Command: "/bin/sh" "/home/c/Documents/EE504/EE504/interleaver_dir/gr-myinterleaver/build/lib/test_myinterleaver_test.sh"
Directory: /home/c/Documents/EE504/EE504/interleaver_dir/gr-myinterleaver/build/lib
"test_myinterleaver" start time: Apr 19 11:40 PDT
Output:
----------------------------------------------------------
.

<end of output>
Test time =   0.00 sec
----------------------------------------------------------
Test Passed.
"test_myinterleaver" end time: Apr 19 11:40 PDT
"test_myinterleaver" time elapsed: 00:00:00
----------------------------------------------------------

2/2 Testing: qa_interleaver
2/2 Test: qa_interleaver
Command: "/bin/sh" "/home/c/Documents/EE504/EE504/interleaver_dir/gr-myinterleaver/build/python/qa_interleaver_test.sh"
Directory: /home/c/Documents/EE504/EE504/interleaver_dir/gr-myinterleaver/build/python
"qa_interleaver" start time: Apr 19 11:40 PDT
Output:
----------------------------------------------------------
F
======================================================================
FAIL: test_001_t (__main__.qa_interleaver)
----------------------------------------------------------------------
Traceback (most recent call last):
  File "/home/c/Documents/EE504/EE504/interleaver_dir/gr-myinterleaver/python/qa_interleaver.py", line 64, in test_001_t
    self.assertFloatTuplesAlmostEqual(src_data1, result_data1, 4)
  File "/usr/lib/python2.7/dist-packages/gnuradio/gr_unittest.py", line 88, in assertFloatTuplesAlmostEqual
    self.assertEqual (len(a), len(b))
AssertionError: 8 != 16

----------------------------------------------------------------------
Ran 1 test in 0.005s

FAILED (failures=1)
(1.0, 2.0, 3.0, 4.0, 5.0, 6.0, 7.0, 20.5, 0.0, 0.0, 0.0, 0.0, 0.0, 0.0, 0.0, 0.0)
(8.0, 9.0, 10.0, 11.0, 12.0, 13.0, 14.0, 18.299999237060547, 0.0, 0.0, 0.0, 0.0, 0.0, 0.0, 0.0, 0.0)
(1.0, 2.0, 3.0, 4.0, 5.0, 6.0, 7.0, 20.5, 0.0, 0.0, 0.0, 0.0, 0.0, 0.0, 0.0, 0.0)
(8.0, 9.0, 10.0, 11.0, 12.0, 13.0, 14.0, 18.299999237060547, 0.0, 0.0, 0.0, 0.0, 0.0, 0.0, 0.0, 0.0)
<end of output>
Test time =   0.21 sec
----------------------------------------------------------
Test Failed.
"qa_interleaver" end time: Apr 19 11:40 PDT
"qa_interleaver" time elapsed: 00:00:00
----------------------------------------------------------

End testing: Apr 19 11:40 PDT
