Start testing: Apr 16 17:32 PDT
----------------------------------------------------------
1/2 Testing: test_myinterleaver
1/2 Test: test_myinterleaver
Command: "/bin/sh" "/home/c/Documents/EE504/EE504/interleaver_dir/gr-myinterleaver/build/lib/test_myinterleaver_test.sh"
Directory: /home/c/Documents/EE504/EE504/interleaver_dir/gr-myinterleaver/build/lib
"test_myinterleaver" start time: Apr 16 17:32 PDT
Output:
----------------------------------------------------------
.

<end of output>
Test time =   0.00 sec
----------------------------------------------------------
Test Passed.
"test_myinterleaver" end time: Apr 16 17:32 PDT
"test_myinterleaver" time elapsed: 00:00:00
----------------------------------------------------------

2/2 Testing: qa_interleaver
2/2 Test: qa_interleaver
Command: "/bin/sh" "/home/c/Documents/EE504/EE504/interleaver_dir/gr-myinterleaver/build/python/qa_interleaver_test.sh"
Directory: /home/c/Documents/EE504/EE504/interleaver_dir/gr-myinterleaver/build/python
"qa_interleaver" start time: Apr 16 17:32 PDT
Output:
----------------------------------------------------------
E
======================================================================
ERROR: test_001_t (__main__.qa_interleaver)
----------------------------------------------------------------------
Traceback (most recent call last):
  File "/home/c/Documents/EE504/EE504/interleaver_dir/gr-myinterleaver/python/qa_interleaver.py", line 38, in test_001_t
    print_src_list(src_data)
NameError: global name 'print_src_list' is not defined

----------------------------------------------------------------------
Ran 1 test in 0.000s

FAILED (errors=1)
<end of output>
Test time =   0.24 sec
----------------------------------------------------------
Test Failed.
"qa_interleaver" end time: Apr 16 17:32 PDT
"qa_interleaver" time elapsed: 00:00:00
----------------------------------------------------------

End testing: Apr 16 17:32 PDT
